[09-Feb-2021 15:32:28 UTC] PHP Fatal error:  Maximum execution time of 30 seconds exceeded in /Applications/MAMP/htdocs/sites/poupees_anatole/wp-includes/class.wp-dependencies.php on line 256
[09-Feb-2021 15:32:28 UTC] PHP Fatal error:  Maximum execution time of 30 seconds exceeded in /Applications/MAMP/htdocs/sites/poupees_anatole/wp-includes/class.wp-dependencies.php on line 256
[09-Feb-2021 15:33:01 UTC] PHP Fatal error:  Maximum execution time of 30 seconds exceeded in /Applications/MAMP/htdocs/sites/poupees_anatole/wp-includes/class.wp-dependencies.php on line 256
[09-Feb-2021 15:33:01 UTC] PHP Fatal error:  Maximum execution time of 30 seconds exceeded in /Applications/MAMP/htdocs/sites/poupees_anatole/wp-includes/functions.wp-scripts.php on line 42
[09-Feb-2021 15:33:41 UTC] PHP Fatal error:  Maximum execution time of 30 seconds exceeded in /Applications/MAMP/htdocs/sites/poupees_anatole/wp-includes/class.wp-dependencies.php on line 256
[09-Feb-2021 15:35:36 UTC] PHP Fatal error:  Maximum execution time of 30 seconds exceeded in /Applications/MAMP/htdocs/sites/poupees_anatole/wp-includes/class.wp-dependencies.php on line 256
[09-Feb-2021 15:35:38 UTC] PHP Fatal error:  Maximum execution time of 30 seconds exceeded in /Applications/MAMP/htdocs/sites/poupees_anatole/wp-includes/class.wp-dependencies.php on line 256
[09-Feb-2021 15:36:19 UTC] PHP Fatal error:  Maximum execution time of 30 seconds exceeded in /Applications/MAMP/htdocs/sites/poupees_anatole/wp-includes/class-wp-object-cache.php on line 296
[09-Feb-2021 15:36:19 UTC] PHP Fatal error:  Maximum execution time of 30 seconds exceeded in /Applications/MAMP/htdocs/sites/poupees_anatole/wp-includes/class.wp-dependencies.php on line 256
[09-Feb-2021 15:36:58 UTC] PHP Fatal error:  Maximum execution time of 30 seconds exceeded in /Applications/MAMP/htdocs/sites/poupees_anatole/wp-includes/functions.wp-scripts.php on line 221
[09-Feb-2021 15:38:16 UTC] PHP Fatal error:  Maximum execution time of 30 seconds exceeded in /Applications/MAMP/htdocs/sites/poupees_anatole/wp-includes/class.wp-dependencies.php on line 256
[09-Feb-2021 15:47:37 UTC] PHP Fatal error:  Maximum execution time of 30 seconds exceeded in /Applications/MAMP/htdocs/sites/poupees_anatole/wp-includes/class.wp-dependencies.php on line 256
[09-Feb-2021 15:48:17 UTC] PHP Fatal error:  Maximum execution time of 30 seconds exceeded in /Applications/MAMP/htdocs/sites/poupees_anatole/wp-includes/link-template.php on line 3675
[09-Feb-2021 15:48:18 UTC] PHP Fatal error:  Maximum execution time of 30 seconds exceeded in /Applications/MAMP/htdocs/sites/poupees_anatole/wp-includes/plugin.php on line 188
[09-Feb-2021 15:48:57 UTC] PHP Fatal error:  Maximum execution time of 30 seconds exceeded in /Applications/MAMP/htdocs/sites/poupees_anatole/wp-includes/class.wp-dependencies.php on line 256
[09-Feb-2021 15:51:44 UTC] PHP Fatal error:  Maximum execution time of 30 seconds exceeded in /Applications/MAMP/htdocs/sites/poupees_anatole/wp-includes/functions.php on line 2121
[09-Feb-2021 15:52:28 UTC] PHP Fatal error:  Maximum execution time of 30 seconds exceeded in /Applications/MAMP/htdocs/sites/poupees_anatole/wp-includes/class.wp-dependencies.php on line 256
[09-Feb-2021 15:54:29 UTC] PHP Fatal error:  Maximum execution time of 30 seconds exceeded in /Applications/MAMP/htdocs/sites/poupees_anatole/wp-includes/class.wp-dependencies.php on line 256
[09-Feb-2021 15:54:30 UTC] PHP Fatal error:  Maximum execution time of 30 seconds exceeded in /Applications/MAMP/htdocs/sites/poupees_anatole/wp-includes/class-wp-query.php on line 1070
[09-Feb-2021 15:55:10 UTC] PHP Fatal error:  Maximum execution time of 30 seconds exceeded in /Applications/MAMP/htdocs/sites/poupees_anatole/wp-includes/functions.wp-scripts.php on line 174
[09-Feb-2021 15:58:44 UTC] PHP Fatal error:  Maximum execution time of 30 seconds exceeded in /Applications/MAMP/htdocs/sites/poupees_anatole/wp-includes/class.wp-dependencies.php on line 256
[09-Feb-2021 17:29:49 UTC] PHP Fatal error:  Maximum execution time of 30 seconds exceeded in /Applications/MAMP/htdocs/sites/poupees_anatole/wp-includes/class.wp-dependencies.php on line 256
[09-Feb-2021 18:40:26 UTC] PHP Fatal error:  Maximum execution time of 30 seconds exceeded in /Applications/MAMP/htdocs/sites/poupees_anatole/wp-includes/functions.php on line 2121
[09-Feb-2021 18:41:13 UTC] PHP Fatal error:  Maximum execution time of 30 seconds exceeded in /Applications/MAMP/htdocs/sites/poupees_anatole/wp-includes/class.wp-dependencies.php on line 256
[09-Feb-2021 18:42:35 UTC] PHP Fatal error:  Maximum execution time of 30 seconds exceeded in /Applications/MAMP/htdocs/sites/poupees_anatole/wp-content/plugins/cookie-law-info/admin/modules/ccpa/ccpa.php on line 104
[09-Feb-2021 18:42:41 UTC] PHP Fatal error:  Maximum execution time of 30 seconds exceeded in /Applications/MAMP/htdocs/sites/poupees_anatole/wp-includes/class.wp-dependencies.php on line 256
[09-Feb-2021 18:42:51 UTC] PHP Fatal error:  Maximum execution time of 30 seconds exceeded in /Applications/MAMP/htdocs/sites/poupees_anatole/wp-includes/functions.php on line 2121
[09-Feb-2021 18:43:34 UTC] PHP Fatal error:  Maximum execution time of 30 seconds exceeded in /Applications/MAMP/htdocs/sites/poupees_anatole/wp-includes/class-wp-query.php on line 1070
[09-Feb-2021 18:56:43 UTC] PHP Fatal error:  Maximum execution time of 30 seconds exceeded in /Applications/MAMP/htdocs/sites/poupees_anatole/wp-includes/wp-db.php on line 2056
[09-Feb-2021 18:56:45 UTC] PHP Fatal error:  Maximum execution time of 30 seconds exceeded in /Applications/MAMP/htdocs/sites/poupees_anatole/wp-includes/wp-db.php on line 2056
[09-Feb-2021 18:59:46 UTC] PHP Fatal error:  Maximum execution time of 30 seconds exceeded in /Applications/MAMP/htdocs/sites/poupees_anatole/wp-includes/class.wp-dependencies.php on line 256
[09-Feb-2021 19:00:26 UTC] PHP Fatal error:  Maximum execution time of 30 seconds exceeded in /Applications/MAMP/htdocs/sites/poupees_anatole/wp-includes/link-template.php on line 3421
