2021-03-19T09:19:53+00:00 CRITICAL syntax error, unexpected 'add_filter' (T_STRING) in /Applications/MAMP/htdocs/sites/poupees_anatole/wp-content/themes/poupeesanatole/functions.php on line 75

2021-03-19T09:21:54+00:00 CRITICAL syntax error, unexpected '}' in /Applications/MAMP/htdocs/sites/poupees_anatole/wp-content/themes/poupeesanatole/functions.php on line 65

2021-03-19T09:23:25+00:00 CRITICAL syntax error, unexpected '}' in /Applications/MAMP/htdocs/sites/poupees_anatole/wp-content/themes/poupeesanatole/functions.php on line 65

2021-03-19T09:24:25+00:00 CRITICAL syntax error, unexpected '}' in /Applications/MAMP/htdocs/sites/poupees_anatole/wp-content/themes/poupeesanatole/functions.php on line 66

2021-03-19T11:19:07+00:00 CRITICAL require_once(): Failed opening required 'inc/cpt_document.php' (include_path='.:/Applications/MAMP/bin/php/php7.4.12/lib/php') in /Applications/MAMP/htdocs/sites/poupees_anatole/wp-content/themes/poupeesanatole/functions.php on line 84

2021-03-19T11:19:07+00:00 CRITICAL require_once(): Failed opening required 'inc/cpt_document.php' (include_path='.:/Applications/MAMP/bin/php/php7.4.12/lib/php') in /Applications/MAMP/htdocs/sites/poupees_anatole/wp-content/themes/poupeesanatole/functions.php on line 84

2021-03-19T13:23:37+00:00 CRITICAL syntax error, unexpected '=>' (T_DOUBLE_ARROW), expecting ')' in /Applications/MAMP/htdocs/sites/poupees_anatole/wp-content/themes/poupeesanatole/metaboxes/document.php on line 64

2021-03-19T13:27:32+00:00 CRITICAL syntax error, unexpected '$document' (T_VARIABLE), expecting '(' in /Applications/MAMP/htdocs/sites/poupees_anatole/wp-content/themes/poupeesanatole/metaboxes/document.php on line 64

2021-03-19T15:14:22+00:00 CRITICAL syntax error, unexpected '&&' (T_BOOLEAN_AND) in /Applications/MAMP/htdocs/sites/poupees_anatole/wp-content/themes/poupeesanatole/metaboxes/document.php on line 63

2021-03-19T15:33:38+00:00 CRITICAL require(): Failed opening required '/Applications/MAMP/htdocs/sites/poupees_anatole/wp-content/themes/poupeesanatole/inc/cpt_collaborateurs.php' (include_path='.:/Applications/MAMP/bin/php/php7.4.12/lib/php') in /Applications/MAMP/htdocs/sites/poupees_anatole/wp-content/themes/poupeesanatole/functions.php on line 86

2021-03-19T15:35:40+00:00 CRITICAL require(): Failed opening required '/Applications/MAMP/htdocs/sites/poupees_anatole/wp-content/themes/poupeesanatole/inc/cpt_collaborateurs.php' (include_path='.:/Applications/MAMP/bin/php/php7.4.12/lib/php') in /Applications/MAMP/htdocs/sites/poupees_anatole/wp-content/themes/poupeesanatole/functions.php on line 86

2021-03-19T15:37:41+00:00 CRITICAL require(): Failed opening required '/Applications/MAMP/htdocs/sites/poupees_anatole/wp-content/themes/poupeesanatole/inc/cpt_collaborateurs.php' (include_path='.:/Applications/MAMP/bin/php/php7.4.12/lib/php') in /Applications/MAMP/htdocs/sites/poupees_anatole/wp-content/themes/poupeesanatole/functions.php on line 86

2021-03-19T15:39:41+00:00 CRITICAL require(): Failed opening required '/Applications/MAMP/htdocs/sites/poupees_anatole/wp-content/themes/poupeesanatole/inc/cpt_collaborateurs.php' (include_path='.:/Applications/MAMP/bin/php/php7.4.12/lib/php') in /Applications/MAMP/htdocs/sites/poupees_anatole/wp-content/themes/poupeesanatole/functions.php on line 86

2021-03-19T16:03:20+00:00 CRITICAL require(): Failed opening required '/Applications/MAMP/htdocs/sites/poupees_anatole/wp-content/themes/poupeesanatole/inc/cpt_collaborateurs.php' (include_path='.:/Applications/MAMP/bin/php/php7.4.12/lib/php') in /Applications/MAMP/htdocs/sites/poupees_anatole/wp-content/themes/poupeesanatole/functions.php on line 84

2021-03-19T16:05:20+00:00 CRITICAL require(): Failed opening required '/Applications/MAMP/htdocs/sites/poupees_anatole/wp-content/themes/poupeesanatole/inc/cpt_collaborateurs.php' (include_path='.:/Applications/MAMP/bin/php/php7.4.12/lib/php') in /Applications/MAMP/htdocs/sites/poupees_anatole/wp-content/themes/poupeesanatole/functions.php on line 84

2021-03-19T16:07:23+00:00 CRITICAL require(): Failed opening required '/Applications/MAMP/htdocs/sites/poupees_anatole/wp-content/themes/poupeesanatole/custom/cpt_collaborateurs.php' (include_path='.:/Applications/MAMP/bin/php/php7.4.12/lib/php') in /Applications/MAMP/htdocs/sites/poupees_anatole/wp-content/themes/poupeesanatole/functions.php on line 84

2021-03-19T16:09:24+00:00 CRITICAL require(): Failed opening required '/Applications/MAMP/htdocs/sites/poupees_anatole/wp-content/themes/poupeesanatole/custom/cpt_collaborateurs.php' (include_path='.:/Applications/MAMP/bin/php/php7.4.12/lib/php') in /Applications/MAMP/htdocs/sites/poupees_anatole/wp-content/themes/poupeesanatole/functions.php on line 84

2021-03-19T16:11:25+00:00 CRITICAL require(): Failed opening required '/Applications/MAMP/htdocs/sites/poupees_anatole/wp-content/themes/poupeesanatole/custom/cpt_collaborateurs.php' (include_path='.:/Applications/MAMP/bin/php/php7.4.12/lib/php') in /Applications/MAMP/htdocs/sites/poupees_anatole/wp-content/themes/poupeesanatole/functions.php on line 84

2021-03-19T16:12:16+00:00 CRITICAL require(): Failed opening required '/Applications/MAMP/htdocs/sites/poupees_anatole/wp-content/themes/poupeesanatole/custom/cpt_collaborateurs.php' (include_path='.:/Applications/MAMP/bin/php/php7.4.12/lib/php') in /Applications/MAMP/htdocs/sites/poupees_anatole/wp-content/themes/poupeesanatole/functions.php on line 84

2021-03-19T16:12:16+00:00 CRITICAL require(): Failed opening required '/Applications/MAMP/htdocs/sites/poupees_anatole/wp-content/themes/poupeesanatole/custom/cpt_collaborateurs.php' (include_path='.:/Applications/MAMP/bin/php/php7.4.12/lib/php') in /Applications/MAMP/htdocs/sites/poupees_anatole/wp-content/themes/poupeesanatole/functions.php on line 84

2021-03-19T16:16:42+00:00 CRITICAL syntax error, unexpected end of file in /Applications/MAMP/htdocs/sites/poupees_anatole/wp-content/themes/poupeesanatole/metaboxes/collaborateur.php on line 89

2021-03-19T16:16:42+00:00 CRITICAL syntax error, unexpected end of file in /Applications/MAMP/htdocs/sites/poupees_anatole/wp-content/themes/poupeesanatole/metaboxes/collaborateur.php on line 89

2021-03-19T20:01:33+00:00 CRITICAL syntax error, unexpected 'add_action' (T_STRING), expecting function (T_FUNCTION) or const (T_CONST) in /Applications/MAMP/htdocs/sites/poupees_anatole/wp-content/themes/poupeesanatole/metaboxes/collaborateur.php on line 63

2021-03-19T20:02:05+00:00 CRITICAL syntax error, unexpected 'add_action' (T_STRING), expecting function (T_FUNCTION) or const (T_CONST) in /Applications/MAMP/htdocs/sites/poupees_anatole/wp-content/themes/poupeesanatole/metaboxes/collaborateur.php on line 63

2021-03-19T20:11:00+00:00 CRITICAL syntax error, unexpected ''after_setup_theme'' (T_CONSTANT_ENCAPSED_STRING), expecting variable (T_VARIABLE) in /Applications/MAMP/htdocs/sites/poupees_anatole/wp-content/themes/poupeesanatole/functions.php on line 67

2021-03-19T20:11:09+00:00 CRITICAL syntax error, unexpected ''after_setup_theme'' (T_CONSTANT_ENCAPSED_STRING), expecting variable (T_VARIABLE) in /Applications/MAMP/htdocs/sites/poupees_anatole/wp-content/themes/poupeesanatole/functions.php on line 67

2021-03-19T20:13:01+00:00 CRITICAL syntax error, unexpected ''after_setup_theme'' (T_CONSTANT_ENCAPSED_STRING), expecting variable (T_VARIABLE) in /Applications/MAMP/htdocs/sites/poupees_anatole/wp-content/themes/poupeesanatole/functions.php on line 67

2021-03-19T20:13:09+00:00 CRITICAL syntax error, unexpected ''after_setup_theme'' (T_CONSTANT_ENCAPSED_STRING), expecting variable (T_VARIABLE) in /Applications/MAMP/htdocs/sites/poupees_anatole/wp-content/themes/poupeesanatole/functions.php on line 67

2021-03-19T20:15:04+00:00 CRITICAL syntax error, unexpected ''after_setup_theme'' (T_CONSTANT_ENCAPSED_STRING), expecting variable (T_VARIABLE) in /Applications/MAMP/htdocs/sites/poupees_anatole/wp-content/themes/poupeesanatole/functions.php on line 67

2021-03-19T20:16:04+00:00 CRITICAL Cannot redeclare register_sidebar() (previously declared in /Applications/MAMP/htdocs/sites/poupees_anatole/wp-includes/widgets.php:256) in /Applications/MAMP/htdocs/sites/poupees_anatole/wp-content/themes/poupeesanatole/functions.php on line 63

2021-03-19T20:16:04+00:00 CRITICAL Cannot redeclare register_sidebar() (previously declared in /Applications/MAMP/htdocs/sites/poupees_anatole/wp-includes/widgets.php:256) in /Applications/MAMP/htdocs/sites/poupees_anatole/wp-content/themes/poupeesanatole/functions.php on line 63

