2021-02-09T15:12:04+00:00 CRITICAL Maximum execution time of 30 seconds exceeded in /Applications/MAMP/htdocs/sites/poupees_anatole/wp-includes/class-wp-list-util.php on line 157

2021-02-09T15:12:48+00:00 CRITICAL Maximum execution time of 30 seconds exceeded in /Applications/MAMP/htdocs/sites/poupees_anatole/wp-includes/class.wp-dependencies.php on line 256

2021-02-09T15:12:48+00:00 CRITICAL Maximum execution time of 30 seconds exceeded in /Applications/MAMP/htdocs/sites/poupees_anatole/wp-includes/plugin.php on line 703

2021-02-09T15:13:26+00:00 CRITICAL Maximum execution time of 30 seconds exceeded in /Applications/MAMP/htdocs/sites/poupees_anatole/wp-includes/class.wp-dependencies.php on line 256

2021-02-09T15:20:23+00:00 CRITICAL Maximum execution time of 30 seconds exceeded in /Applications/MAMP/htdocs/sites/poupees_anatole/wp-includes/class.wp-dependencies.php on line 256

2021-02-09T15:20:26+00:00 CRITICAL Maximum execution time of 30 seconds exceeded in /Applications/MAMP/htdocs/sites/poupees_anatole/wp-includes/class.wp-dependencies.php on line 256

2021-02-09T15:21:06+00:00 CRITICAL Maximum execution time of 30 seconds exceeded in /Applications/MAMP/htdocs/sites/poupees_anatole/wp-includes/class-wp-object-cache.php on line 494

2021-02-09T15:21:06+00:00 CRITICAL Maximum execution time of 30 seconds exceeded in /Applications/MAMP/htdocs/sites/poupees_anatole/wp-includes/class.wp-dependencies.php on line 256

2021-02-09T15:21:44+00:00 CRITICAL Maximum execution time of 30 seconds exceeded in /Applications/MAMP/htdocs/sites/poupees_anatole/wp-includes/class.wp-dependencies.php on line 256

2021-02-09T15:22:19+00:00 CRITICAL Maximum execution time of 30 seconds exceeded in /Applications/MAMP/htdocs/sites/poupees_anatole/wp-includes/class.wp-dependencies.php on line 256

2021-02-09T15:23:01+00:00 CRITICAL Maximum execution time of 30 seconds exceeded in /Applications/MAMP/htdocs/sites/poupees_anatole/wp-includes/functions.php on line 6517

2021-02-09T15:23:01+00:00 CRITICAL Maximum execution time of 30 seconds exceeded in /Applications/MAMP/htdocs/sites/poupees_anatole/wp-includes/functions.php on line 6517

2021-02-09T15:23:41+00:00 CRITICAL Maximum execution time of 30 seconds exceeded in /Applications/MAMP/htdocs/sites/poupees_anatole/wp-includes/class.wp-dependencies.php on line 256

2021-02-09T15:24:16+00:00 CRITICAL Maximum execution time of 30 seconds exceeded in /Applications/MAMP/htdocs/sites/poupees_anatole/wp-includes/class.wp-dependencies.php on line 256

2021-02-09T15:24:23+00:00 CRITICAL Maximum execution time of 30 seconds exceeded in /Applications/MAMP/htdocs/sites/poupees_anatole/wp-includes/class.wp-dependencies.php on line 256

2021-02-09T15:25:45+00:00 CRITICAL Maximum execution time of 30 seconds exceeded in /Applications/MAMP/htdocs/sites/poupees_anatole/wp-includes/plugin.php on line 216

2021-02-09T15:25:45+00:00 CRITICAL Maximum execution time of 30 seconds exceeded in /Applications/MAMP/htdocs/sites/poupees_anatole/wp-includes/class.wp-dependencies.php on line 256

2021-02-09T15:26:24+00:00 CRITICAL Maximum execution time of 30 seconds exceeded in /Applications/MAMP/htdocs/sites/poupees_anatole/wp-includes/class.wp-dependencies.php on line 256

2021-02-09T15:32:28+00:00 CRITICAL Maximum execution time of 30 seconds exceeded in /Applications/MAMP/htdocs/sites/poupees_anatole/wp-includes/class.wp-dependencies.php on line 256

2021-02-09T15:32:28+00:00 CRITICAL Maximum execution time of 30 seconds exceeded in /Applications/MAMP/htdocs/sites/poupees_anatole/wp-includes/class.wp-dependencies.php on line 256

2021-02-09T15:33:01+00:00 CRITICAL Maximum execution time of 30 seconds exceeded in /Applications/MAMP/htdocs/sites/poupees_anatole/wp-includes/class.wp-dependencies.php on line 256

2021-02-09T15:33:01+00:00 CRITICAL Maximum execution time of 30 seconds exceeded in /Applications/MAMP/htdocs/sites/poupees_anatole/wp-includes/functions.wp-scripts.php on line 42

2021-02-09T15:33:41+00:00 CRITICAL Maximum execution time of 30 seconds exceeded in /Applications/MAMP/htdocs/sites/poupees_anatole/wp-includes/class.wp-dependencies.php on line 256

2021-02-09T15:35:36+00:00 CRITICAL Maximum execution time of 30 seconds exceeded in /Applications/MAMP/htdocs/sites/poupees_anatole/wp-includes/class.wp-dependencies.php on line 256

2021-02-09T15:35:38+00:00 CRITICAL Maximum execution time of 30 seconds exceeded in /Applications/MAMP/htdocs/sites/poupees_anatole/wp-includes/class.wp-dependencies.php on line 256

2021-02-09T15:36:19+00:00 CRITICAL Maximum execution time of 30 seconds exceeded in /Applications/MAMP/htdocs/sites/poupees_anatole/wp-includes/class-wp-object-cache.php on line 296

2021-02-09T15:36:19+00:00 CRITICAL Maximum execution time of 30 seconds exceeded in /Applications/MAMP/htdocs/sites/poupees_anatole/wp-includes/class.wp-dependencies.php on line 256

2021-02-09T15:36:58+00:00 CRITICAL Maximum execution time of 30 seconds exceeded in /Applications/MAMP/htdocs/sites/poupees_anatole/wp-includes/functions.wp-scripts.php on line 221

2021-02-09T15:38:16+00:00 CRITICAL Maximum execution time of 30 seconds exceeded in /Applications/MAMP/htdocs/sites/poupees_anatole/wp-includes/class.wp-dependencies.php on line 256

2021-02-09T15:47:37+00:00 CRITICAL Maximum execution time of 30 seconds exceeded in /Applications/MAMP/htdocs/sites/poupees_anatole/wp-includes/class.wp-dependencies.php on line 256

2021-02-09T15:48:17+00:00 CRITICAL Maximum execution time of 30 seconds exceeded in /Applications/MAMP/htdocs/sites/poupees_anatole/wp-includes/link-template.php on line 3675

2021-02-09T15:48:18+00:00 CRITICAL Maximum execution time of 30 seconds exceeded in /Applications/MAMP/htdocs/sites/poupees_anatole/wp-includes/plugin.php on line 188

2021-02-09T15:48:57+00:00 CRITICAL Maximum execution time of 30 seconds exceeded in /Applications/MAMP/htdocs/sites/poupees_anatole/wp-includes/class.wp-dependencies.php on line 256

2021-02-09T15:51:44+00:00 CRITICAL Maximum execution time of 30 seconds exceeded in /Applications/MAMP/htdocs/sites/poupees_anatole/wp-includes/functions.php on line 2121

2021-02-09T15:52:28+00:00 CRITICAL Maximum execution time of 30 seconds exceeded in /Applications/MAMP/htdocs/sites/poupees_anatole/wp-includes/class.wp-dependencies.php on line 256

2021-02-09T15:54:29+00:00 CRITICAL Maximum execution time of 30 seconds exceeded in /Applications/MAMP/htdocs/sites/poupees_anatole/wp-includes/class.wp-dependencies.php on line 256

2021-02-09T15:54:30+00:00 CRITICAL Maximum execution time of 30 seconds exceeded in /Applications/MAMP/htdocs/sites/poupees_anatole/wp-includes/class-wp-query.php on line 1070

2021-02-09T15:55:10+00:00 CRITICAL Maximum execution time of 30 seconds exceeded in /Applications/MAMP/htdocs/sites/poupees_anatole/wp-includes/functions.wp-scripts.php on line 174

2021-02-09T15:58:44+00:00 CRITICAL Maximum execution time of 30 seconds exceeded in /Applications/MAMP/htdocs/sites/poupees_anatole/wp-includes/class.wp-dependencies.php on line 256

2021-02-09T17:29:49+00:00 CRITICAL Maximum execution time of 30 seconds exceeded in /Applications/MAMP/htdocs/sites/poupees_anatole/wp-includes/class.wp-dependencies.php on line 256

2021-02-09T18:40:26+00:00 CRITICAL Maximum execution time of 30 seconds exceeded in /Applications/MAMP/htdocs/sites/poupees_anatole/wp-includes/functions.php on line 2121

2021-02-09T18:41:13+00:00 CRITICAL Maximum execution time of 30 seconds exceeded in /Applications/MAMP/htdocs/sites/poupees_anatole/wp-includes/class.wp-dependencies.php on line 256

2021-02-09T18:42:35+00:00 CRITICAL Maximum execution time of 30 seconds exceeded in /Applications/MAMP/htdocs/sites/poupees_anatole/wp-content/plugins/cookie-law-info/admin/modules/ccpa/ccpa.php on line 104

2021-02-09T18:42:41+00:00 CRITICAL Maximum execution time of 30 seconds exceeded in /Applications/MAMP/htdocs/sites/poupees_anatole/wp-includes/class.wp-dependencies.php on line 256

2021-02-09T18:42:51+00:00 CRITICAL Maximum execution time of 30 seconds exceeded in /Applications/MAMP/htdocs/sites/poupees_anatole/wp-includes/functions.php on line 2121

2021-02-09T18:43:34+00:00 CRITICAL Maximum execution time of 30 seconds exceeded in /Applications/MAMP/htdocs/sites/poupees_anatole/wp-includes/class-wp-query.php on line 1070

2021-02-09T18:56:43+00:00 CRITICAL Maximum execution time of 30 seconds exceeded in /Applications/MAMP/htdocs/sites/poupees_anatole/wp-includes/wp-db.php on line 2056

2021-02-09T18:56:45+00:00 CRITICAL Maximum execution time of 30 seconds exceeded in /Applications/MAMP/htdocs/sites/poupees_anatole/wp-includes/wp-db.php on line 2056

2021-02-09T18:59:46+00:00 CRITICAL Maximum execution time of 30 seconds exceeded in /Applications/MAMP/htdocs/sites/poupees_anatole/wp-includes/class.wp-dependencies.php on line 256

2021-02-09T19:00:26+00:00 CRITICAL Maximum execution time of 30 seconds exceeded in /Applications/MAMP/htdocs/sites/poupees_anatole/wp-includes/link-template.php on line 3421

